{"level":"info","message":"🔴 WebSocket connection closed","timestamp":"2025-01-16T21:50:34.471Z"}
{"level":"info","message":"🔴 WebSocket connection closed","timestamp":"2025-01-16T21:50:34.471Z"}
{"level":"info","message":"🔴 WebSocket connection closed","timestamp":"2025-01-16T21:50:34.471Z"}
{"level":"info","message":"🟢 New WebSocket connection established","timestamp":"2025-01-16T21:50:34.677Z"}
{"level":"info","message":"📤 Sending message Connected to WebSocket server","timestamp":"2025-01-16T21:50:34.678Z","type":"welcome"}
{"level":"info","message":"📤 Sending message","timestamp":"2025-01-16T21:50:34.679Z","type":"state"}
{"level":"info","message":"🔑 New Token Saved","timestamp":"2025-01-16T21:50:34.777Z","token":{"clientId":"fakeTokenRUs","documentId":"1FD4A2TCecTWaDxUOAq9nrDIp_TLcZGNA8Y_gSrj8FBE","token":"ya29.a0ARW5m76IvNjVHwo8zawMHQHm_CAgxzilJgP6K8iOb6fFCmE3Sgd125N7kU2CsDCcC3u26xFs6lEj6fl5K-KY2CuyCDfBpAHXeURyQYzloyV90QgY0ckkqANMFygVib7t6kegW86Xyvcqj8q5gkRnB4_ywI7f3zCtkXtRiAQyzMVq1Rcwd_4h38waCgYKAUsSARASFQHGX2MiMc6Lz-mE4fxjpg3Vvh9loQ0190"}}
{"level":"info","message":"🟢 New WebSocket connection established","timestamp":"2025-01-16T21:51:58.895Z"}
{"level":"info","message":"📤 Sending message Connected to WebSocket server","timestamp":"2025-01-16T21:51:58.899Z","type":"welcome"}
{"level":"info","message":"📤 Sending message","payload":{"copypasted":0,"currentPage":"home-page","level":0,"pills":[{"current":5,"outOf":2,"title":"Pirate Slang"},{"current":5,"outOf":5,"title":"Robot Slang"}],"timeSpentHours":0,"timeSpentMinutes":0,"visibleButtons":[],"waitingAnimationOn":false},"timestamp":"2025-01-16T21:51:58.899Z","type":"state"}
{"level":"info","message":"🔑 New Token Saved","timestamp":"2025-01-16T21:51:59.014Z","token":{"clientId":"fakeTokenRUs","documentId":"1FD4A2TCecTWaDxUOAq9nrDIp_TLcZGNA8Y_gSrj8FBE","token":"ya29.a0ARW5m76IvNjVHwo8zawMHQHm_CAgxzilJgP6K8iOb6fFCmE3Sgd125N7kU2CsDCcC3u26xFs6lEj6fl5K-KY2CuyCDfBpAHXeURyQYzloyV90QgY0ckkqANMFygVib7t6kegW86Xyvcqj8q5gkRnB4_ywI7f3zCtkXtRiAQyzMVq1Rcwd_4h38waCgYKAUsSARASFQHGX2MiMc6Lz-mE4fxjpg3Vvh9loQ0190"}}
{"level":"info","message":"🔴 WebSocket connection closed","timestamp":"2025-01-16T21:52:53.444Z"}
{"level":"info","message":"🔴 WebSocket connection closed","timestamp":"2025-01-16T21:52:53.444Z"}
{"level":"info","message":"🔴 WebSocket connection closed","timestamp":"2025-01-16T21:52:53.445Z"}
{"level":"info","message":"🟢 New WebSocket connection established","timestamp":"2025-01-16T21:52:53.593Z"}
{"level":"info","message":"📤 Sending message Connected to WebSocket server","timestamp":"2025-01-16T21:52:53.594Z","type":"welcome"}
{"level":"info","message":"📤 Sending message","payload":{"copypasted":0,"currentPage":"home-page","level":0,"pills":[{"current":5,"outOf":2,"title":"Pirate Slang"},{"current":5,"outOf":5,"title":"Robot Slang"}],"timeSpentHours":0,"timeSpentMinutes":0,"visibleButtons":[],"waitingAnimationOn":false},"timestamp":"2025-01-16T21:52:53.594Z","type":"state"}
{"level":"info","message":"🔑 New Token Saved","timestamp":"2025-01-16T21:53:27.909Z","token":{"clientId":"fakeTokenRUs","documentId":"1FD4A2TCecTWaDxUOAq9nrDIp_TLcZGNA8Y_gSrj8FBE","token":"ya29.a0ARW5m76IvNjVHwo8zawMHQHm_CAgxzilJgP6K8iOb6fFCmE3Sgd125N7kU2CsDCcC3u26xFs6lEj6fl5K-KY2CuyCDfBpAHXeURyQYzloyV90QgY0ckkqANMFygVib7t6kegW86Xyvcqj8q5gkRnB4_ywI7f3zCtkXtRiAQyzMVq1Rcwd_4h38waCgYKAUsSARASFQHGX2MiMc6Lz-mE4fxjpg3Vvh9loQ0190"}}
{"level":"info","message":"🔴 WebSocket connection closed","timestamp":"2025-01-16T21:53:27.911Z"}
{"level":"info","message":"🔴 WebSocket connection closed","timestamp":"2025-01-16T21:53:27.911Z"}
{"level":"info","message":"🔴 WebSocket connection closed","timestamp":"2025-01-16T21:53:27.911Z"}
{"level":"info","message":"🟢 New WebSocket connection established","timestamp":"2025-01-16T21:53:28.115Z"}
{"level":"info","message":"📤 Sending message Connected to WebSocket server","timestamp":"2025-01-16T21:53:28.116Z","type":"welcome"}
{"level":"info","message":"📤 Sending message","payload":{"copypasted":0,"currentPage":"home-page","level":0,"pills":[{"current":5,"outOf":2,"title":"Pirate Slang"},{"current":5,"outOf":5,"title":"Robot Slang"}],"timeSpentHours":0,"timeSpentMinutes":0,"visibleButtons":[],"waitingAnimationOn":false},"timestamp":"2025-01-16T21:53:28.116Z","type":"state"}
{"level":"info","message":"🔑 New Token Saved","timestamp":"2025-01-16T21:53:28.221Z","token":{"clientId":"fakeTokenRUs","documentId":"1FD4A2TCecTWaDxUOAq9nrDIp_TLcZGNA8Y_gSrj8FBE","token":"ya29.a0ARW5m76IvNjVHwo8zawMHQHm_CAgxzilJgP6K8iOb6fFCmE3Sgd125N7kU2CsDCcC3u26xFs6lEj6fl5K-KY2CuyCDfBpAHXeURyQYzloyV90QgY0ckkqANMFygVib7t6kegW86Xyvcqj8q5gkRnB4_ywI7f3zCtkXtRiAQyzMVq1Rcwd_4h38waCgYKAUsSARASFQHGX2MiMc6Lz-mE4fxjpg3Vvh9loQ0190"}}
{"level":"info","message":"🟢 New WebSocket connection established","timestamp":"2025-01-16T21:54:32.532Z"}
{"level":"info","message":"📤 Sending message Connected to WebSocket server","timestamp":"2025-01-16T21:54:32.535Z","type":"welcome"}
{"level":"info","message":"📤 Sending message","payload":{"buttonsDisabled":[],"copypasted":0,"currentPage":"home-page","level":0,"pills":[{"current":5,"outOf":2,"title":"Pirate Slang"},{"current":5,"outOf":5,"title":"Robot Slang"}],"timeSpentHours":0,"timeSpentMinutes":0,"visibleButtons":[],"waitingAnimationOn":false},"timestamp":"2025-01-16T21:54:32.536Z","type":"state"}
{"level":"info","message":"🔑 New Token Saved","timestamp":"2025-01-16T21:54:32.630Z","token":{"clientId":"fakeTokenRUs","documentId":"1FD4A2TCecTWaDxUOAq9nrDIp_TLcZGNA8Y_gSrj8FBE","token":"ya29.a0ARW5m76IvNjVHwo8zawMHQHm_CAgxzilJgP6K8iOb6fFCmE3Sgd125N7kU2CsDCcC3u26xFs6lEj6fl5K-KY2CuyCDfBpAHXeURyQYzloyV90QgY0ckkqANMFygVib7t6kegW86Xyvcqj8q5gkRnB4_ywI7f3zCtkXtRiAQyzMVq1Rcwd_4h38waCgYKAUsSARASFQHGX2MiMc6Lz-mE4fxjpg3Vvh9loQ0190"}}
{"level":"info","message":"🔴 WebSocket connection closed","timestamp":"2025-01-16T21:54:34.139Z"}
{"level":"info","message":"🔴 WebSocket connection closed","timestamp":"2025-01-16T21:54:34.140Z"}
{"level":"info","message":"🔴 WebSocket connection closed","timestamp":"2025-01-16T21:54:34.140Z"}
{"level":"info","message":"🟢 New WebSocket connection established","timestamp":"2025-01-16T21:54:34.313Z"}
{"level":"info","message":"📤 Sending message Connected to WebSocket server","timestamp":"2025-01-16T21:54:34.313Z","type":"welcome"}
{"level":"info","message":"📤 Sending message","payload":{"buttonsDisabled":[],"copypasted":0,"currentPage":"home-page","level":0,"pills":[{"current":5,"outOf":2,"title":"Pirate Slang"},{"current":5,"outOf":5,"title":"Robot Slang"}],"timeSpentHours":0,"timeSpentMinutes":0,"visibleButtons":[],"waitingAnimationOn":false},"timestamp":"2025-01-16T21:54:34.313Z","type":"state"}
{"level":"info","message":"🔑 New Token Saved","timestamp":"2025-01-16T21:54:34.438Z","token":{"clientId":"fakeTokenRUs","documentId":"1FD4A2TCecTWaDxUOAq9nrDIp_TLcZGNA8Y_gSrj8FBE","token":"ya29.a0ARW5m76IvNjVHwo8zawMHQHm_CAgxzilJgP6K8iOb6fFCmE3Sgd125N7kU2CsDCcC3u26xFs6lEj6fl5K-KY2CuyCDfBpAHXeURyQYzloyV90QgY0ckkqANMFygVib7t6kegW86Xyvcqj8q5gkRnB4_ywI7f3zCtkXtRiAQyzMVq1Rcwd_4h38waCgYKAUsSARASFQHGX2MiMc6Lz-mE4fxjpg3Vvh9loQ0190"}}
{"level":"info","message":"🔴 WebSocket connection closed","timestamp":"2025-01-16T21:54:43.433Z"}
{"level":"info","message":"🔴 WebSocket connection closed","timestamp":"2025-01-16T21:54:43.433Z"}
{"level":"info","message":"🔴 WebSocket connection closed","timestamp":"2025-01-16T21:54:43.433Z"}
{"level":"info","message":"🟢 New WebSocket connection established","timestamp":"2025-01-16T21:54:43.591Z"}
{"level":"info","message":"📤 Sending message Connected to WebSocket server","timestamp":"2025-01-16T21:54:43.592Z","type":"welcome"}
{"level":"info","message":"📤 Sending message","payload":{"buttonsDisabled":[],"copypasted":0,"currentPage":"home-page","level":0,"pills":[{"current":5,"outOf":2,"title":"Pirate Slang"},{"current":5,"outOf":5,"title":"Robot Slang"}],"timeSpentHours":0,"timeSpentMinutes":0,"visibleButtons":[],"waitingAnimationOn":false},"timestamp":"2025-01-16T21:54:43.592Z","type":"state"}
{"level":"info","message":"🔑 New Token Saved","timestamp":"2025-01-16T21:55:31.292Z","token":{"clientId":"fakeTokenRUs","documentId":"1FD4A2TCecTWaDxUOAq9nrDIp_TLcZGNA8Y_gSrj8FBE","token":"ya29.a0ARW5m76IvNjVHwo8zawMHQHm_CAgxzilJgP6K8iOb6fFCmE3Sgd125N7kU2CsDCcC3u26xFs6lEj6fl5K-KY2CuyCDfBpAHXeURyQYzloyV90QgY0ckkqANMFygVib7t6kegW86Xyvcqj8q5gkRnB4_ywI7f3zCtkXtRiAQyzMVq1Rcwd_4h38waCgYKAUsSARASFQHGX2MiMc6Lz-mE4fxjpg3Vvh9loQ0190"}}
{"level":"info","message":"🔴 WebSocket connection closed","timestamp":"2025-01-16T21:55:31.298Z"}
{"level":"info","message":"🔴 WebSocket connection closed","timestamp":"2025-01-16T21:55:31.298Z"}
{"level":"info","message":"🔴 WebSocket connection closed","timestamp":"2025-01-16T21:55:31.298Z"}
{"level":"info","message":"🟢 New WebSocket connection established","timestamp":"2025-01-16T21:55:31.483Z"}
{"level":"info","message":"📤 Sending message Connected to WebSocket server","timestamp":"2025-01-16T21:55:31.483Z","type":"welcome"}
{"level":"info","message":"📤 Sending message","payload":{"buttonsDisabled":[],"copypasted":0,"currentPage":"home-page","level":0,"pills":[{"current":5,"outOf":2,"title":"Pirate Slang"},{"current":5,"outOf":5,"title":"Robot Slang"}],"timeSpentHours":0,"timeSpentMinutes":0,"visibleButtons":[],"waitingAnimationOn":false},"timestamp":"2025-01-16T21:55:31.484Z","type":"state"}
{"level":"info","message":"🔑 New Token Saved","timestamp":"2025-01-16T21:55:34.729Z","token":{"clientId":"fakeTokenRUs","documentId":"1FD4A2TCecTWaDxUOAq9nrDIp_TLcZGNA8Y_gSrj8FBE","token":"ya29.a0ARW5m76IvNjVHwo8zawMHQHm_CAgxzilJgP6K8iOb6fFCmE3Sgd125N7kU2CsDCcC3u26xFs6lEj6fl5K-KY2CuyCDfBpAHXeURyQYzloyV90QgY0ckkqANMFygVib7t6kegW86Xyvcqj8q5gkRnB4_ywI7f3zCtkXtRiAQyzMVq1Rcwd_4h38waCgYKAUsSARASFQHGX2MiMc6Lz-mE4fxjpg3Vvh9loQ0190"}}
